
> frontend@0.1.0 start
> react-scripts start

(node:8658) [DEP_WEBPACK_DEV_SERVER_ON_AFTER_SETUP_MIDDLEWARE] DeprecationWarning: 'onAfterSetupMiddleware' option is deprecated. Please use the 'setupMiddlewares' option.
(Use `node --trace-deprecation ...` to show where the warning was created)
(node:8658) [DEP_WEBPACK_DEV_SERVER_ON_BEFORE_SETUP_MIDDLEWARE] DeprecationWarning: 'onBeforeSetupMiddleware' option is deprecated. Please use the 'setupMiddlewares' option.
Starting the development server...

Failed to compile.

Module not found: Error: Can't resolve '../pages/SchedulePage/SchedulePage' in '/Users/yeya/FlutterProjects/ai-time/frontend/src/routes'
WARNING in [eslint] 
src/pages/AIChatPage/AIChatPage.jsx
  Line 123:6:  React Hook useEffect has a missing dependency: 'initialMessages'. Either include it or remove the dependency array  react-hooks/exhaustive-deps

src/pages/MessagePage/MessagePage.jsx
  Line 11:10:  'selectedMessage' is assigned a value but never used                                                          no-unused-vars
  Line 62:6:   React Hook useEffect has a missing dependency: 'activeTab'. Either include it or remove the dependency array  react-hooks/exhaustive-deps

src/pages/MomentsPage/MomentsPage.jsx
  Line 25:9:   '_oldDynamicPosts' is assigned a value but never used                                                          no-unused-vars
  Line 58:9:   '_oldDryGoodsPosts' is assigned a value but never used                                                         no-unused-vars
  Line 146:6:  React Hook useEffect has a missing dependency: 'activeMode'. Either include it or remove the dependency array  react-hooks/exhaustive-deps
  Line 186:9:  'handlePost' is assigned a value but never used                                                                no-unused-vars

src/pages/SchedulePage/MainSchedulePage.jsx
  Line 24:17:  'setError' is assigned a value but never used  no-unused-vars

src/pages/StudyMethodPage/StudyMethodPage.jsx
  Line 150:6:  React Hook useEffect has a missing dependency: 'loadMethods'. Either include it or remove the dependency array                  react-hooks/exhaustive-deps
  Line 157:6:  React Hook useEffect has missing dependencies: 'loadMethods' and 'loading'. Either include them or remove the dependency array  react-hooks/exhaustive-deps
  Line 160:9:  '_oldStudyMethods' is assigned a value but never used                                                                           no-unused-vars

src/pages/SuccessPage/SuccessPage.jsx
  Line 21:9:   'USER_ID' is assigned a value but never used                                                                                          no-unused-vars
  Line 209:6:  React Hook useEffect has missing dependencies: 'loadCaseList' and 'loadHotCases'. Either include them or remove the dependency array  react-hooks/exhaustive-deps
  Line 216:6:  React Hook useEffect has missing dependencies: 'loadCaseList' and 'loading'. Either include them or remove the dependency array       react-hooks/exhaustive-deps

src/pages/TimeCalculatorPage/TimeCalculatorPage.jsx
  Line 112:11:  'weeklyHours' is assigned a value but never used  no-unused-vars

src/pages/TutorPage/TutorPage.jsx
  Line 22:9:   'USER_ID' is assigned a value but never used                                                                                   no-unused-vars
  Line 25:9:   '_oldTutors' is assigned a value but never used                                                                                no-unused-vars
  Line 340:6:  React Hook useEffect has a missing dependency: 'loadTutors'. Either include it or remove the dependency array                  react-hooks/exhaustive-deps
  Line 347:6:  React Hook useEffect has missing dependencies: 'loadTutors' and 'loading'. Either include them or remove the dependency array  react-hooks/exhaustive-deps

src/services/methodService.js
  Line 120:1:  Assign object to a variable before exporting as module default  import/no-anonymous-default-export

src/services/momentService.js
  Line 233:1:  Assign object to a variable before exporting as module default  import/no-anonymous-default-export

src/services/scheduleService.js
  Line 306:1:  Assign object to a variable before exporting as module default  import/no-anonymous-default-export

src/services/successService.js
  Line 148:1:  Assign object to a variable before exporting as module default  import/no-anonymous-default-export

src/services/tutorService.js
  Line 189:1:  Assign object to a variable before exporting as module default  import/no-anonymous-default-export

ERROR in ./src/routes/AppRoutes.jsx 8:0-62
Module not found: Error: Can't resolve '../pages/SchedulePage/SchedulePage' in '/Users/yeya/FlutterProjects/ai-time/frontend/src/routes'

webpack compiled with 1 error and 1 warning
Compiling...
Failed to compile.

[eslint] 
src/routes/AppRoutes.jsx
  Line 26:41:  'SchedulePage' is not defined  react/jsx-no-undef

Search for the keywords to learn more about each error.
WARNING in [eslint] 
src/pages/AIChatPage/AIChatPage.jsx
  Line 123:6:  React Hook useEffect has a missing dependency: 'initialMessages'. Either include it or remove the dependency array  react-hooks/exhaustive-deps

src/pages/MessagePage/MessagePage.jsx
  Line 11:10:  'selectedMessage' is assigned a value but never used                                                          no-unused-vars
  Line 62:6:   React Hook useEffect has a missing dependency: 'activeTab'. Either include it or remove the dependency array  react-hooks/exhaustive-deps

src/pages/MomentsPage/MomentsPage.jsx
  Line 25:9:   '_oldDynamicPosts' is assigned a value but never used                                                          no-unused-vars
  Line 58:9:   '_oldDryGoodsPosts' is assigned a value but never used                                                         no-unused-vars
  Line 146:6:  React Hook useEffect has a missing dependency: 'activeMode'. Either include it or remove the dependency array  react-hooks/exhaustive-deps
  Line 186:9:  'handlePost' is assigned a value but never used                                                                no-unused-vars

src/pages/SchedulePage/MainSchedulePage.jsx
  Line 24:17:  'setError' is assigned a value but never used  no-unused-vars

src/pages/StudyMethodPage/StudyMethodPage.jsx
  Line 150:6:  React Hook useEffect has a missing dependency: 'loadMethods'. Either include it or remove the dependency array                  react-hooks/exhaustive-deps
  Line 157:6:  React Hook useEffect has missing dependencies: 'loadMethods' and 'loading'. Either include them or remove the dependency array  react-hooks/exhaustive-deps
  Line 160:9:  '_oldStudyMethods' is assigned a value but never used                                                                           no-unused-vars

src/pages/SuccessPage/SuccessPage.jsx
  Line 21:9:   'USER_ID' is assigned a value but never used                                                                                          no-unused-vars
  Line 209:6:  React Hook useEffect has missing dependencies: 'loadCaseList' and 'loadHotCases'. Either include them or remove the dependency array  react-hooks/exhaustive-deps
  Line 216:6:  React Hook useEffect has missing dependencies: 'loadCaseList' and 'loading'. Either include them or remove the dependency array       react-hooks/exhaustive-deps

src/pages/TimeCalculatorPage/TimeCalculatorPage.jsx
  Line 112:11:  'weeklyHours' is assigned a value but never used  no-unused-vars

src/pages/TutorPage/TutorPage.jsx
  Line 22:9:   'USER_ID' is assigned a value but never used                                                                                   no-unused-vars
  Line 25:9:   '_oldTutors' is assigned a value but never used                                                                                no-unused-vars
  Line 340:6:  React Hook useEffect has a missing dependency: 'loadTutors'. Either include it or remove the dependency array                  react-hooks/exhaustive-deps
  Line 347:6:  React Hook useEffect has missing dependencies: 'loadTutors' and 'loading'. Either include them or remove the dependency array  react-hooks/exhaustive-deps

src/services/methodService.js
  Line 120:1:  Assign object to a variable before exporting as module default  import/no-anonymous-default-export

src/services/momentService.js
  Line 233:1:  Assign object to a variable before exporting as module default  import/no-anonymous-default-export

src/services/scheduleService.js
  Line 306:1:  Assign object to a variable before exporting as module default  import/no-anonymous-default-export

src/services/successService.js
  Line 148:1:  Assign object to a variable before exporting as module default  import/no-anonymous-default-export

src/services/tutorService.js
  Line 189:1:  Assign object to a variable before exporting as module default  import/no-anonymous-default-export

ERROR in [eslint] 
src/routes/AppRoutes.jsx
  Line 26:41:  'SchedulePage' is not defined  react/jsx-no-undef

Search for the keywords to learn more about each error.

webpack compiled with 1 error and 1 warning
Compiling...
Compiled with warnings.

[eslint] 
src/pages/AIChatPage/AIChatPage.jsx
  Line 123:6:  React Hook useEffect has a missing dependency: 'initialMessages'. Either include it or remove the dependency array  react-hooks/exhaustive-deps

src/pages/MessagePage/MessagePage.jsx
  Line 11:10:  'selectedMessage' is assigned a value but never used                                                          no-unused-vars
  Line 62:6:   React Hook useEffect has a missing dependency: 'activeTab'. Either include it or remove the dependency array  react-hooks/exhaustive-deps

src/pages/MomentsPage/MomentsPage.jsx
  Line 25:9:   '_oldDynamicPosts' is assigned a value but never used                                                          no-unused-vars
  Line 58:9:   '_oldDryGoodsPosts' is assigned a value but never used                                                         no-unused-vars
  Line 146:6:  React Hook useEffect has a missing dependency: 'activeMode'. Either include it or remove the dependency array  react-hooks/exhaustive-deps
  Line 186:9:  'handlePost' is assigned a value but never used                                                                no-unused-vars

src/pages/SchedulePage/MainSchedulePage.jsx
  Line 24:17:  'setError' is assigned a value but never used  no-unused-vars

src/pages/StudyMethodPage/StudyMethodPage.jsx
  Line 150:6:  React Hook useEffect has a missing dependency: 'loadMethods'. Either include it or remove the dependency array                  react-hooks/exhaustive-deps
  Line 157:6:  React Hook useEffect has missing dependencies: 'loadMethods' and 'loading'. Either include them or remove the dependency array  react-hooks/exhaustive-deps
  Line 160:9:  '_oldStudyMethods' is assigned a value but never used                                                                           no-unused-vars

src/pages/SuccessPage/SuccessPage.jsx
  Line 21:9:   'USER_ID' is assigned a value but never used                                                                                          no-unused-vars
  Line 209:6:  React Hook useEffect has missing dependencies: 'loadCaseList' and 'loadHotCases'. Either include them or remove the dependency array  react-hooks/exhaustive-deps
  Line 216:6:  React Hook useEffect has missing dependencies: 'loadCaseList' and 'loading'. Either include them or remove the dependency array       react-hooks/exhaustive-deps

src/pages/TimeCalculatorPage/TimeCalculatorPage.jsx
  Line 112:11:  'weeklyHours' is assigned a value but never used  no-unused-vars

src/pages/TutorPage/TutorPage.jsx
  Line 22:9:   'USER_ID' is assigned a value but never used                                                                                   no-unused-vars
  Line 25:9:   '_oldTutors' is assigned a value but never used                                                                                no-unused-vars
  Line 340:6:  React Hook useEffect has a missing dependency: 'loadTutors'. Either include it or remove the dependency array                  react-hooks/exhaustive-deps
  Line 347:6:  React Hook useEffect has missing dependencies: 'loadTutors' and 'loading'. Either include them or remove the dependency array  react-hooks/exhaustive-deps

src/services/methodService.js
  Line 120:1:  Assign object to a variable before exporting as module default  import/no-anonymous-default-export

src/services/momentService.js
  Line 233:1:  Assign object to a variable before exporting as module default  import/no-anonymous-default-export

src/services/scheduleService.js
  Line 306:1:  Assign object to a variable before exporting as module default  import/no-anonymous-default-export

src/services/successService.js
  Line 148:1:  Assign object to a variable before exporting as module default  import/no-anonymous-default-export

src/services/tutorService.js
  Line 189:1:  Assign object to a variable before exporting as module default  import/no-anonymous-default-export

Search for the keywords to learn more about each warning.
To ignore, add // eslint-disable-next-line to the line before.

WARNING in [eslint] 
src/pages/AIChatPage/AIChatPage.jsx
  Line 123:6:  React Hook useEffect has a missing dependency: 'initialMessages'. Either include it or remove the dependency array  react-hooks/exhaustive-deps

src/pages/MessagePage/MessagePage.jsx
  Line 11:10:  'selectedMessage' is assigned a value but never used                                                          no-unused-vars
  Line 62:6:   React Hook useEffect has a missing dependency: 'activeTab'. Either include it or remove the dependency array  react-hooks/exhaustive-deps

src/pages/MomentsPage/MomentsPage.jsx
  Line 25:9:   '_oldDynamicPosts' is assigned a value but never used                                                          no-unused-vars
  Line 58:9:   '_oldDryGoodsPosts' is assigned a value but never used                                                         no-unused-vars
  Line 146:6:  React Hook useEffect has a missing dependency: 'activeMode'. Either include it or remove the dependency array  react-hooks/exhaustive-deps
  Line 186:9:  'handlePost' is assigned a value but never used                                                                no-unused-vars

src/pages/SchedulePage/MainSchedulePage.jsx
  Line 24:17:  'setError' is assigned a value but never used  no-unused-vars

src/pages/StudyMethodPage/StudyMethodPage.jsx
  Line 150:6:  React Hook useEffect has a missing dependency: 'loadMethods'. Either include it or remove the dependency array                  react-hooks/exhaustive-deps
  Line 157:6:  React Hook useEffect has missing dependencies: 'loadMethods' and 'loading'. Either include them or remove the dependency array  react-hooks/exhaustive-deps
  Line 160:9:  '_oldStudyMethods' is assigned a value but never used                                                                           no-unused-vars

src/pages/SuccessPage/SuccessPage.jsx
  Line 21:9:   'USER_ID' is assigned a value but never used                                                                                          no-unused-vars
  Line 209:6:  React Hook useEffect has missing dependencies: 'loadCaseList' and 'loadHotCases'. Either include them or remove the dependency array  react-hooks/exhaustive-deps
  Line 216:6:  React Hook useEffect has missing dependencies: 'loadCaseList' and 'loading'. Either include them or remove the dependency array       react-hooks/exhaustive-deps

src/pages/TimeCalculatorPage/TimeCalculatorPage.jsx
  Line 112:11:  'weeklyHours' is assigned a value but never used  no-unused-vars

src/pages/TutorPage/TutorPage.jsx
  Line 22:9:   'USER_ID' is assigned a value but never used                                                                                   no-unused-vars
  Line 25:9:   '_oldTutors' is assigned a value but never used                                                                                no-unused-vars
  Line 340:6:  React Hook useEffect has a missing dependency: 'loadTutors'. Either include it or remove the dependency array                  react-hooks/exhaustive-deps
  Line 347:6:  React Hook useEffect has missing dependencies: 'loadTutors' and 'loading'. Either include them or remove the dependency array  react-hooks/exhaustive-deps

src/services/methodService.js
  Line 120:1:  Assign object to a variable before exporting as module default  import/no-anonymous-default-export

src/services/momentService.js
  Line 233:1:  Assign object to a variable before exporting as module default  import/no-anonymous-default-export

src/services/scheduleService.js
  Line 306:1:  Assign object to a variable before exporting as module default  import/no-anonymous-default-export

src/services/successService.js
  Line 148:1:  Assign object to a variable before exporting as module default  import/no-anonymous-default-export

src/services/tutorService.js
  Line 189:1:  Assign object to a variable before exporting as module default  import/no-anonymous-default-export

webpack compiled with 1 warning
