INFO:     Started server process [38388]
INFO:     Waiting for application startup.
INFO:     Application startup complete.
INFO:     Uvicorn running on http://0.0.0.0:8000 (Press CTRL+C to quit)

============================================================
ЁЯЪА цнгхЬихРпхКи AI Time Management API Server
============================================================
тЬЕ AIшБКхдйцибхЭЧхКаш╜╜цИРхКЯ
тЬЕ AIцОишНРцибхЭЧхКаш╜╜цИРхКЯ
тЬЕ цИРхКЯцбИф╛ЛцибхЭЧхКаш╜╜цИРхКЯ
тЬЕ ц╢ИцБпцибхЭЧхКаш╜╜цИРхКЯ
тЬЕ хнжф╣ацЦ╣ц│ХцибхЭЧхКаш╜╜цИРхКЯ
тЬЕ х╛╜члацибхЭЧхКаш╜╜цИРхКЯ
тЬЕ хКицАБцибхЭЧхКаш╜╜цИРхКЯ
тЬЕ хКицАБцибхЭЧхКаш╜╜цИРхКЯ
тЬЕ хп╝х╕ИцибхЭЧхКаш╜╜цИРхКЯ
тЬЕ цЧ╢щЧ┤шбицибхЭЧхКаш╜╜цИРхКЯ
тЬЕ ч╗ЯшобцибхЭЧхКаш╜╜цИРхКЯ
тЬЕ ф╗╗хКбцибхЭЧхКаш╜╜цИРхКЯ
тЬЕ чФицИ╖ш╡Дф║зцибхЭЧхКаш╜╜цИРхКЯ
тЬЕ чФицИ╖ц╢ИцБпшо╛ч╜оцибхЭЧхКаш╜╜цИРхКЯ
тЬЕ чФицИ╖ф╕кф║║ф┐бцБпцибхЭЧхКаш╜╜цИРхКЯ
============================================================
ЁЯУЪ APIцЦЗцбгхЬ░хЭА:
   - Swagger UI: http://localhost:8000/docs
   - ReDoc:      http://localhost:8000/redoc
   - OpenAPI:    http://localhost:8000/openapi.json
============================================================

INFO:     127.0.0.1:60867 - "GET /api/v1/users/me/profile?user_id=2001 HTTP/1.1" 200 OK
INFO:     127.0.0.1:60870 - "PUT /api/v1/users/me/profile?user_id=2001 HTTP/1.1" 200 OK
INFO:     127.0.0.1:60873 - "GET /api/v1/users/2001/simple-info HTTP/1.1" 200 OK
